#
# A fatal error has been detected by the Java Runtime Environment:
#
#  EXCEPTION_ACCESS_VIOLATION (0xc0000005) at pc=0x000000005d0ea6a5, pid=20652, tid=19984
#
# JRE version: Java(TM) SE Runtime Environment (8.0_31-b13) (build 1.8.0_31-b13)
# Java VM: Java HotSpot(TM) 64-Bit Server VM (25.31-b07 mixed mode windows-amd64 compressed oops)
# Problematic frame:
# V  [jvm.dll+0x11a6a5]
#
# Failed to write core dump. Minidumps are not enabled by default on client versions of Windows
#
# If you would like to submit a bug report, please visit:
#   http://bugreport.java.com/bugreport/crash.jsp
#

---------------  T H R E A D  ---------------

Current thread (0x000000001a044000):  JavaThread "JDWP Transport Listener: dt_socket" daemon [_thread_in_vm, id=19984, stack(0x000000001a950000,0x000000001aa50000)]

siginfo: ExceptionCode=0xc0000005, reading address 0xffffffffffffffff

Registers:
RAX=0x000000001aa4f301, RBX=0x000000001a044000, RCX=0x74003b72003b3124, RDX=0x0000000000000000
RSP=0x000000001aa4f2b0, RBP=0x74003b72003b3124, RSI=0x000000001aa4f3c8, RDI=0x0000000002e887c0
R8 =0x000000001a044000, R9 =0x0000000000000001, R10=0x0000000000008000, R11=0x000000001aa4f200
R12=0x0000000000000000, R13=0x000000001a0509e8, R14=0x0000000000000000, R15=0x0000000000000000
RIP=0x000000005d0ea6a5, EFLAGS=0x0000000000010206

Top of Stack: (sp=0x000000001aa4f2b0)
0x000000001aa4f2b0:   000000001a044000 000000001a044000
0x000000001aa4f2c0:   000000001aa4f378 000000005d2e7c1b
0x000000001aa4f2d0:   000000001a044000 000000005d30447d
0x000000001aa4f2e0:   0000000000000000 000000005dcf9149
0x000000001aa4f2f0:   000000001f1fe498 000000005dd02912
0x000000001aa4f300:   000000001a044000 0000000000000000
0x000000001aa4f310:   0000000000000000 0000000000000000
0x000000001aa4f320:   74003b72003b3124 000000005dd01a09
0x000000001aa4f330:   000000001aa4f3c8 000000001aa4f3a0
0x000000001aa4f340:   0000000000000001 000000001f1fe498
0x000000001aa4f350:   74003b72003b3124 000000005dce53b3
0x000000001aa4f360:   000000001aa4f490 0000000000000001
0x000000001aa4f370:   0000000000000001 000000001f1fe498
0x000000001aa4f380:   00000000f0001041 0000000000000000
0x000000001aa4f390:   0000000000000000 0000000000000000
0x000000001aa4f3a0:   0000000000000001 000000005dce5571 

Instructions: (pc=0x000000005d0ea6a5)
0x000000005d0ea685:   cc cc cc cc cc cc cc cc cc cc cc 48 83 ec 28 48
0x000000005d0ea695:   85 c9 75 07 33 c0 48 83 c4 28 c3 48 89 5c 24 20
0x000000005d0ea6a5:   48 8b 19 48 85 db 74 20 48 83 fb 37 74 1a 48 8b
0x000000005d0ea6b5:   13 48 8b cb ff 52 10 84 c0 74 0d 48 8b c3 48 8b 


Register to memory mapping:

RAX=0x000000001aa4f301 is pointing into the stack for thread: 0x000000001a044000
RBX=0x000000001a044000 is a thread
RCX=0x74003b72003b3124 is an unknown value
RDX=0x0000000000000000 is an unknown value
RSP=0x000000001aa4f2b0 is pointing into the stack for thread: 0x000000001a044000
RBP=0x74003b72003b3124 is an unknown value
RSI=0x000000001aa4f3c8 is pointing into the stack for thread: 0x000000001a044000
RDI=0x0000000002e887c0 is an unknown value
R8 =0x000000001a044000 is a thread
R9 =0x0000000000000001 is an unknown value
R10=0x0000000000008000 is an unknown value
R11=0x000000001aa4f200 is pointing into the stack for thread: 0x000000001a044000
R12=0x0000000000000000 is an unknown value
R13=0x000000001a0509e8 is an unknown value
R14=0x0000000000000000 is an unknown value
R15=0x0000000000000000 is an unknown value


Stack: [0x000000001a950000,0x000000001aa50000],  sp=0x000000001aa4f2b0,  free space=1020k
Native frames: (J=compiled Java code, j=interpreted, Vv=VM code, C=native code)
V  [jvm.dll+0x11a6a5]
V  [jvm.dll+0x33447d]
C  [jdwp.dll+0x21a09]
C  [jdwp.dll+0x53b3]
C  [jdwp.dll+0x5571]
C  [jdwp.dll+0xf09c]
C  [jdwp.dll+0x1f2c9]
C  [jdwp.dll+0x1f49e]
V  [jvm.dll+0x1ac128]
V  [jvm.dll+0x22c194]
V  [jvm.dll+0x28576a]
C  [msvcr100.dll+0x21d9f]
C  [msvcr100.dll+0x21e3b]
C  [KERNEL32.DLL+0x17bd4]
C  [ntdll.dll+0x6ce51]


---------------  P R O C E S S  ---------------

Java Threads: ( => current thread )
  0x000000002490a000 JavaThread "DestroyJavaVM" [_thread_blocked, id=4160, stack(0x0000000002d60000,0x0000000002e60000)]
  0x0000000024902000 JavaThread "task-2" [_thread_blocked, id=6260, stack(0x0000000026110000,0x0000000026210000)]
  0x0000000024908000 JavaThread "http-nio-5432-Acceptor" daemon [_thread_in_native, id=4616, stack(0x00000000290f0000,0x00000000291f0000)]
  0x0000000024900800 JavaThread "http-nio-5432-ClientPoller" daemon [_thread_in_native, id=2348, stack(0x0000000028ff0000,0x00000000290f0000)]
  0x0000000024907000 JavaThread "http-nio-5432-exec-10" daemon [_thread_blocked, id=9476, stack(0x0000000028ba0000,0x0000000028ca0000)]
  0x0000000024901000 JavaThread "http-nio-5432-exec-9" daemon [_thread_blocked, id=19104, stack(0x0000000028aa0000,0x0000000028ba0000)]
  0x0000000024906800 JavaThread "http-nio-5432-exec-8" daemon [_thread_blocked, id=14948, stack(0x00000000289a0000,0x0000000028aa0000)]
  0x0000000024903800 JavaThread "http-nio-5432-exec-7" daemon [_thread_blocked, id=9916, stack(0x00000000276c0000,0x00000000277c0000)]
  0x00000000248ff000 JavaThread "http-nio-5432-exec-6" daemon [_thread_blocked, id=20188, stack(0x00000000275c0000,0x00000000276c0000)]
  0x00000000248ff800 JavaThread "http-nio-5432-exec-5" daemon [_thread_blocked, id=3140, stack(0x00000000274c0000,0x00000000275c0000)]
  0x0000000024905800 JavaThread "http-nio-5432-exec-4" daemon [_thread_blocked, id=21056, stack(0x00000000273c0000,0x00000000274c0000)]
  0x0000000024905000 JavaThread "http-nio-5432-exec-3" daemon [_thread_blocked, id=21348, stack(0x0000000026cb0000,0x0000000026db0000)]
  0x0000000024904000 JavaThread "http-nio-5432-exec-2" daemon [_thread_blocked, id=15828, stack(0x0000000026bb0000,0x0000000026cb0000)]
  0x00000000248fd800 JavaThread "http-nio-5432-exec-1" daemon [_thread_blocked, id=19952, stack(0x0000000026ab0000,0x0000000026bb0000)]
  0x00000000248fc800 JavaThread "http-nio-5432-BlockPoller" daemon [_thread_in_native, id=12136, stack(0x00000000269b0000,0x0000000026ab0000)]
  0x00000000248fe000 JavaThread "Live Reload Server" daemon [_thread_in_native, id=5148, stack(0x00000000268b0000,0x00000000269b0000)]
  0x00000000204fb800 JavaThread "File Watcher" daemon [_thread_blocked, id=15784, stack(0x0000000026010000,0x0000000026110000)]
  0x00000000204f9800 JavaThread "container-0" [_thread_blocked, id=13828, stack(0x0000000025d10000,0x0000000025e10000)]
  0x00000000204f8000 JavaThread "Catalina-utility-2" [_thread_blocked, id=21116, stack(0x00000000235a0000,0x00000000236a0000)]
  0x00000000204fc800 JavaThread "Catalina-utility-1" [_thread_blocked, id=21340, stack(0x0000000023120000,0x0000000023220000)]
  0x00000000204f7000 JavaThread "task-1" [_thread_blocked, id=15696, stack(0x00000000232a0000,0x00000000233a0000)]
  0x00000000204f8800 JavaThread "HikariPool-1 housekeeper" daemon [_thread_blocked, id=19464, stack(0x0000000022a30000,0x0000000022b30000)]
  0x00000000204fa000 JavaThread "mysql-cj-abandoned-connection-cleanup" daemon [_thread_blocked, id=5344, stack(0x000000001f7e0000,0x000000001f8e0000)]
  0x000000001af8a800 JavaThread "Service Thread" daemon [_thread_blocked, id=10580, stack(0x000000001b950000,0x000000001ba50000)]
  0x000000001aef3800 JavaThread "C1 CompilerThread3" daemon [_thread_blocked, id=14376, stack(0x000000001b850000,0x000000001b950000)]
  0x000000001aefc000 JavaThread "C2 CompilerThread2" daemon [_thread_blocked, id=21352, stack(0x000000001b750000,0x000000001b850000)]
  0x000000001aef9000 JavaThread "C2 CompilerThread1" daemon [_thread_blocked, id=8680, stack(0x000000001b650000,0x000000001b750000)]
  0x000000001aef8800 JavaThread "C2 CompilerThread0" daemon [_thread_blocked, id=12132, stack(0x000000001b550000,0x000000001b650000)]
  0x000000001a05b000 JavaThread "JDWP Command Reader" daemon [_thread_in_native, id=2344, stack(0x000000001ab50000,0x000000001ac50000)]
  0x000000001a054000 JavaThread "JDWP Event Helper Thread" daemon [_thread_blocked, id=12488, stack(0x000000001aa50000,0x000000001ab50000)]
=>0x000000001a044000 JavaThread "JDWP Transport Listener: dt_socket" daemon [_thread_in_vm, id=19984, stack(0x000000001a950000,0x000000001aa50000)]
  0x000000001a03b000 JavaThread "Attach Listener" daemon [_thread_blocked, id=9408, stack(0x000000001a510000,0x000000001a610000)]
  0x000000001a03a000 JavaThread "Signal Dispatcher" daemon [_thread_blocked, id=2780, stack(0x000000001a410000,0x000000001a510000)]
  0x0000000002f8c000 JavaThread "Finalizer" daemon [_thread_blocked, id=3568, stack(0x0000000019f10000,0x000000001a010000)]
  0x000000001803c000 JavaThread "Reference Handler" daemon [_thread_blocked, id=7228, stack(0x0000000019e10000,0x0000000019f10000)]

Other Threads:
  0x0000000018037800 VMThread [stack: 0x0000000019d10000,0x0000000019e10000] [id=10936]
  0x000000001af97800 WatcherThread [stack: 0x000000001ba50000,0x000000001bb50000] [id=13516]

VM state:not at safepoint (normal execution)

VM Mutex/Monitor currently owned by a thread: None

Heap:
 PSYoungGen      total 347136K, used 202252K [0x00000000d6180000, 0x00000000ec600000, 0x0000000100000000)
  eden space 332288K, 60% used [0x00000000d6180000,0x00000000e2703028,0x00000000ea600000)
  from space 14848K, 0% used [0x00000000eb780000,0x00000000eb780000,0x00000000ec600000)
  to   space 16384K, 0% used [0x00000000ea600000,0x00000000ea600000,0x00000000eb600000)
 ParOldGen       total 135168K, used 28639K [0x0000000082400000, 0x000000008a800000, 0x00000000d6180000)
  object space 135168K, 21% used [0x0000000082400000,0x0000000083ff7dc8,0x000000008a800000)
 Metaspace       used 66053K, capacity 69596K, committed 69888K, reserved 1110016K
  class space    used 9081K, capacity 9628K, committed 9728K, reserved 1048576K

Card table byte_map: [0x00000000124c0000,0x00000000128b0000] byte_map_base: 0x00000000120ae000

Marking Bits: (ParMarkBitMap*) 0x000000005d7ad4f0
 Begin Bits: [0x0000000013350000, 0x00000000152c0000)
 End Bits:   [0x00000000152c0000, 0x0000000017230000)

Polling page: 0x0000000001560000

CodeCache: size=245760Kb used=19694Kb max_used=20556Kb free=226065Kb
 bounds [0x0000000003100000, 0x0000000004530000, 0x0000000012100000]
 total_blobs=5942 nmethods=5381 adapters=481
 compilation: enabled

Compilation events (10 events):
Event: 61.324 Thread 0x000000001aef3800 6348       3       java.util.concurrent.ScheduledThreadPoolExecutor$ScheduledFutureTask::compareTo (101 bytes)
Event: 61.325 Thread 0x000000001aef3800 nmethod 6348 0x0000000003a4ea90 code [0x0000000003a4ec80, 0x0000000003a4f7b0]
Event: 61.346 Thread 0x000000001aef3800 6349       3       java.util.HashMap$Values::size (8 bytes)
Event: 61.346 Thread 0x000000001aef3800 nmethod 6349 0x000000000443b490 code [0x000000000443b5e0, 0x000000000443b730]
Event: 61.555 Thread 0x000000001aef3800 6350       3       java.util.concurrent.locks.AbstractQueuedSynchronizer$Node::predecessor (19 bytes)
Event: 61.556 Thread 0x000000001aef3800 nmethod 6350 0x000000000323a7d0 code [0x000000000323a940, 0x000000000323ab88]
Event: 64.554 Thread 0x000000001aef9000 6351       4       org.springframework.boot.devtools.filewatch.FileSnapshot::equals (110 bytes)
Event: 64.558 Thread 0x000000001aef9000 nmethod 6351 0x00000000043cd790 code [0x00000000043cd8e0, 0x00000000043cdb08]
Event: 66.883 Thread 0x000000001aef3800 6352       3       java.lang.Thread::isInterrupted (6 bytes)
Event: 66.883 Thread 0x000000001aef3800 nmethod 6352 0x00000000043cd350 code [0x00000000043cd4c0, 0x00000000043cd668]

GC Heap History (10 events):
Event: 9.656 GC heap before
{Heap before GC invocations=11 (full 1):
 PSYoungGen      total 262144K, used 259172K [0x00000000d6180000, 0x00000000e7880000, 0x0000000100000000)
  eden space 253440K, 100% used [0x00000000d6180000,0x00000000e5900000,0x00000000e5900000)
  from space 8704K, 65% used [0x00000000e5900000,0x00000000e5e99388,0x00000000e6180000)
  to   space 8704K, 0% used [0x00000000e7000000,0x00000000e7000000,0x00000000e7880000)
 ParOldGen       total 53760K, used 5961K [0x0000000082400000, 0x0000000085880000, 0x00000000d6180000)
  object space 53760K, 11% used [0x0000000082400000,0x00000000829d27b8,0x0000000085880000)
 Metaspace       used 33469K, capacity 35358K, committed 35496K, reserved 1081344K
  class space    used 4208K, capacity 4527K, committed 4608K, reserved 1048576K
Event: 9.673 GC heap after
Heap after GC invocations=11 (full 1):
 PSYoungGen      total 273920K, used 8683K [0x00000000d6180000, 0x00000000eb600000, 0x0000000100000000)
  eden space 265216K, 0% used [0x00000000d6180000,0x00000000d6180000,0x00000000e6480000)
  from space 8704K, 99% used [0x00000000e7000000,0x00000000e787af98,0x00000000e7880000)
  to   space 11776K, 0% used [0x00000000e6480000,0x00000000e6480000,0x00000000e7000000)
 ParOldGen       total 53760K, used 12311K [0x0000000082400000, 0x0000000085880000, 0x00000000d6180000)
  object space 53760K, 22% used [0x0000000082400000,0x0000000083005ee8,0x0000000085880000)
 Metaspace       used 33469K, capacity 35358K, committed 35496K, reserved 1081344K
  class space    used 4208K, capacity 4527K, committed 4608K, reserved 1048576K
}
Event: 9.673 GC heap before
{Heap before GC invocations=12 (full 2):
 PSYoungGen      total 273920K, used 8683K [0x00000000d6180000, 0x00000000eb600000, 0x0000000100000000)
  eden space 265216K, 0% used [0x00000000d6180000,0x00000000d6180000,0x00000000e6480000)
  from space 8704K, 99% used [0x00000000e7000000,0x00000000e787af98,0x00000000e7880000)
  to   space 11776K, 0% used [0x00000000e6480000,0x00000000e6480000,0x00000000e7000000)
 ParOldGen       total 53760K, used 12311K [0x0000000082400000, 0x0000000085880000, 0x00000000d6180000)
  object space 53760K, 22% used [0x0000000082400000,0x0000000083005ee8,0x0000000085880000)
 Metaspace       used 33469K, capacity 35358K, committed 35496K, reserved 1081344K
  class space    used 4208K, capacity 4527K, committed 4608K, reserved 1048576K
Event: 9.781 GC heap after
Heap after GC invocations=12 (full 2):
 PSYoungGen      total 273920K, used 0K [0x00000000d6180000, 0x00000000eb600000, 0x0000000100000000)
  eden space 265216K, 0% used [0x00000000d6180000,0x00000000d6180000,0x00000000e6480000)
  from space 8704K, 0% used [0x00000000e7000000,0x00000000e7000000,0x00000000e7880000)
  to   space 11776K, 0% used [0x00000000e6480000,0x00000000e6480000,0x00000000e7000000)
 ParOldGen       total 93696K, used 18799K [0x0000000082400000, 0x0000000087f80000, 0x00000000d6180000)
  object space 93696K, 20% used [0x0000000082400000,0x000000008365bca8,0x0000000087f80000)
 Metaspace       used 33469K, capacity 35358K, committed 35496K, reserved 1081344K
  class space    used 4208K, capacity 4527K, committed 4608K, reserved 1048576K
}
Event: 11.470 GC heap before
{Heap before GC invocations=13 (full 2):
 PSYoungGen      total 273920K, used 265216K [0x00000000d6180000, 0x00000000eb600000, 0x0000000100000000)
  eden space 265216K, 100% used [0x00000000d6180000,0x00000000e6480000,0x00000000e6480000)
  from space 8704K, 0% used [0x00000000e7000000,0x00000000e7000000,0x00000000e7880000)
  to   space 11776K, 0% used [0x00000000e6480000,0x00000000e6480000,0x00000000e7000000)
 ParOldGen       total 93696K, used 18799K [0x0000000082400000, 0x0000000087f80000, 0x00000000d6180000)
  object space 93696K, 20% used [0x0000000082400000,0x000000008365bca8,0x0000000087f80000)
 Metaspace       used 47037K, capacity 49154K, committed 49536K, reserved 1091584K
  class space    used 6384K, capacity 6749K, committed 6784K, reserved 1048576K
Event: 11.488 GC heap after
Heap after GC invocations=13 (full 2):
 PSYoungGen      total 276992K, used 11769K [0x00000000d6180000, 0x00000000ec680000, 0x0000000100000000)
  eden space 265216K, 0% used [0x00000000d6180000,0x00000000d6180000,0x00000000e6480000)
  from space 11776K, 99% used [0x00000000e6480000,0x00000000e6ffe630,0x00000000e7000000)
  to   space 15360K, 0% used [0x00000000eb780000,0x00000000eb780000,0x00000000ec680000)
 ParOldGen       total 93696K, used 23153K [0x0000000082400000, 0x0000000087f80000, 0x00000000d6180000)
  object space 93696K, 24% used [0x0000000082400000,0x0000000083a9c690,0x0000000087f80000)
 Metaspace       used 47037K, capacity 49154K, committed 49536K, reserved 1091584K
  class space    used 6384K, capacity 6749K, committed 6784K, reserved 1048576K
}
Event: 13.109 GC heap before
{Heap before GC invocations=14 (full 2):
 PSYoungGen      total 276992K, used 210317K [0x00000000d6180000, 0x00000000ec680000, 0x0000000100000000)
  eden space 265216K, 74% used [0x00000000d6180000,0x00000000e2364eb8,0x00000000e6480000)
  from space 11776K, 99% used [0x00000000e6480000,0x00000000e6ffe630,0x00000000e7000000)
  to   space 15360K, 0% used [0x00000000eb780000,0x00000000eb780000,0x00000000ec680000)
 ParOldGen       total 93696K, used 23153K [0x0000000082400000, 0x0000000087f80000, 0x00000000d6180000)
  object space 93696K, 24% used [0x0000000082400000,0x0000000083a9c690,0x0000000087f80000)
 Metaspace       used 56455K, capacity 59010K, committed 59160K, reserved 1099776K
  class space    used 7811K, capacity 8215K, committed 8320K, reserved 1048576K
Event: 13.126 GC heap after
Heap after GC invocations=14 (full 2):
 PSYoungGen      total 347136K, used 12463K [0x00000000d6180000, 0x00000000ec600000, 0x0000000100000000)
  eden space 332288K, 0% used [0x00000000d6180000,0x00000000d6180000,0x00000000ea600000)
  from space 14848K, 83% used [0x00000000eb780000,0x00000000ec3abcb8,0x00000000ec600000)
  to   space 16384K, 0% used [0x00000000ea600000,0x00000000ea600000,0x00000000eb600000)
 ParOldGen       total 93696K, used 27766K [0x0000000082400000, 0x0000000087f80000, 0x00000000d6180000)
  object space 93696K, 29% used [0x0000000082400000,0x0000000083f1d800,0x0000000087f80000)
 Metaspace       used 56455K, capacity 59010K, committed 59160K, reserved 1099776K
  class space    used 7811K, capacity 8215K, committed 8320K, reserved 1048576K
}
Event: 13.126 GC heap before
{Heap before GC invocations=15 (full 3):
 PSYoungGen      total 347136K, used 12463K [0x00000000d6180000, 0x00000000ec600000, 0x0000000100000000)
  eden space 332288K, 0% used [0x00000000d6180000,0x00000000d6180000,0x00000000ea600000)
  from space 14848K, 83% used [0x00000000eb780000,0x00000000ec3abcb8,0x00000000ec600000)
  to   space 16384K, 0% used [0x00000000ea600000,0x00000000ea600000,0x00000000eb600000)
 ParOldGen       total 93696K, used 27766K [0x0000000082400000, 0x0000000087f80000, 0x00000000d6180000)
  object space 93696K, 29% used [0x0000000082400000,0x0000000083f1d800,0x0000000087f80000)
 Metaspace       used 56455K, capacity 59010K, committed 59160K, reserved 1099776K
  class space    used 7811K, capacity 8215K, committed 8320K, reserved 1048576K
Event: 13.301 GC heap after
Heap after GC invocations=15 (full 3):
 PSYoungGen      total 347136K, used 0K [0x00000000d6180000, 0x00000000ec600000, 0x0000000100000000)
  eden space 332288K, 0% used [0x00000000d6180000,0x00000000d6180000,0x00000000ea600000)
  from space 14848K, 0% used [0x00000000eb780000,0x00000000eb780000,0x00000000ec600000)
  to   space 16384K, 0% used [0x00000000ea600000,0x00000000ea600000,0x00000000eb600000)
 ParOldGen       total 135168K, used 28639K [0x0000000082400000, 0x000000008a800000, 0x00000000d6180000)
  object space 135168K, 21% used [0x0000000082400000,0x0000000083ff7dc8,0x000000008a800000)
 Metaspace       used 56455K, capacity 59010K, committed 59160K, reserved 1099776K
  class space    used 7811K, capacity 8215K, committed 8320K, reserved 1048576K
}

Deoptimization events (10 events):
Event: 56.807 Thread 0x00000000248fd800 Uncommon trap: reason=unhandled action=none pc=0x0000000003ba5be4 method=java.net.URLClassLoader$1.run()Ljava/lang/Class; @ 72
Event: 56.809 Thread 0x00000000248fd800 Uncommon trap: reason=unhandled action=none pc=0x0000000003ba5be4 method=java.net.URLClassLoader$1.run()Ljava/lang/Class; @ 72
Event: 56.811 Thread 0x00000000248fd800 Uncommon trap: reason=unhandled action=none pc=0x0000000003ba5be4 method=java.net.URLClassLoader$1.run()Ljava/lang/Class; @ 72
Event: 56.811 Thread 0x00000000248fd800 Uncommon trap: reason=unhandled action=none pc=0x0000000003ba5be4 method=java.net.URLClassLoader$1.run()Ljava/lang/Class; @ 72
Event: 56.812 Thread 0x00000000248fd800 Uncommon trap: reason=unhandled action=none pc=0x0000000003ba5be4 method=java.net.URLClassLoader$1.run()Ljava/lang/Class; @ 72
Event: 56.813 Thread 0x00000000248fd800 Uncommon trap: reason=unhandled action=none pc=0x0000000003ba5be4 method=java.net.URLClassLoader$1.run()Ljava/lang/Class; @ 72
Event: 56.814 Thread 0x00000000248fd800 Uncommon trap: reason=unhandled action=none pc=0x0000000003ba5be4 method=java.net.URLClassLoader$1.run()Ljava/lang/Class; @ 72
Event: 56.816 Thread 0x00000000248fd800 Uncommon trap: reason=unhandled action=none pc=0x0000000003ba5be4 method=java.net.URLClassLoader$1.run()Ljava/lang/Class; @ 72
Event: 56.819 Thread 0x00000000248fd800 Uncommon trap: reason=unhandled action=none pc=0x0000000003ba5be4 method=java.net.URLClassLoader$1.run()Ljava/lang/Class; @ 72
Event: 56.821 Thread 0x00000000248fd800 Uncommon trap: reason=unhandled action=none pc=0x0000000003ba5be4 method=java.net.URLClassLoader$1.run()Ljava/lang/Class; @ 72

Internal exceptions (10 events):
Event: 56.807 Thread 0x00000000248fd800 Exception <a 'java/security/PrivilegedActionException'> (0x00000000e20b5cf0) thrown at [C:\workspace\8-2-build-windows-amd64-cygwin\jdk8u31\2394\hotspot\src\share\vm\prims\jvm.cpp, line 1312]
Event: 56.809 Thread 0x00000000248fd800 Exception <a 'java/security/PrivilegedActionException'> (0x00000000e20df458) thrown at [C:\workspace\8-2-build-windows-amd64-cygwin\jdk8u31\2394\hotspot\src\share\vm\prims\jvm.cpp, line 1312]
Event: 56.811 Thread 0x00000000248fd800 Exception <a 'java/security/PrivilegedActionException'> (0x00000000e20f1560) thrown at [C:\workspace\8-2-build-windows-amd64-cygwin\jdk8u31\2394\hotspot\src\share\vm\prims\jvm.cpp, line 1312]
Event: 56.811 Thread 0x00000000248fd800 Exception <a 'java/security/PrivilegedActionException'> (0x00000000e2106828) thrown at [C:\workspace\8-2-build-windows-amd64-cygwin\jdk8u31\2394\hotspot\src\share\vm\prims\jvm.cpp, line 1312]
Event: 56.812 Thread 0x00000000248fd800 Exception <a 'java/security/PrivilegedActionException'> (0x00000000e2111ff0) thrown at [C:\workspace\8-2-build-windows-amd64-cygwin\jdk8u31\2394\hotspot\src\share\vm\prims\jvm.cpp, line 1312]
Event: 56.813 Thread 0x00000000248fd800 Exception <a 'java/security/PrivilegedActionException'> (0x00000000e2123af0) thrown at [C:\workspace\8-2-build-windows-amd64-cygwin\jdk8u31\2394\hotspot\src\share\vm\prims\jvm.cpp, line 1312]
Event: 56.814 Thread 0x00000000248fd800 Exception <a 'java/security/PrivilegedActionException'> (0x00000000e2135400) thrown at [C:\workspace\8-2-build-windows-amd64-cygwin\jdk8u31\2394\hotspot\src\share\vm\prims\jvm.cpp, line 1312]
Event: 56.816 Thread 0x00000000248fd800 Exception <a 'java/security/PrivilegedActionException'> (0x00000000e2148528) thrown at [C:\workspace\8-2-build-windows-amd64-cygwin\jdk8u31\2394\hotspot\src\share\vm\prims\jvm.cpp, line 1312]
Event: 56.819 Thread 0x00000000248fd800 Exception <a 'java/security/PrivilegedActionException'> (0x00000000e215a680) thrown at [C:\workspace\8-2-build-windows-amd64-cygwin\jdk8u31\2394\hotspot\src\share\vm\prims\jvm.cpp, line 1312]
Event: 56.822 Thread 0x00000000248fd800 Exception <a 'java/security/PrivilegedActionException'> (0x00000000e2169a28) thrown at [C:\workspace\8-2-build-windows-amd64-cygwin\jdk8u31\2394\hotspot\src\share\vm\prims\jvm.cpp, line 1312]

Events (10 events):
Event: 56.824 loading class org/springframework/web/method/annotation/SessionAttributesHandler
Event: 56.824 loading class org/springframework/web/method/annotation/SessionAttributesHandler done
Event: 56.827 Executing VM operation: RevokeBias
Event: 56.827 Executing VM operation: RevokeBias done
Event: 56.827 Executing VM operation: RevokeBias
Event: 56.827 Executing VM operation: RevokeBias done
Event: 56.827 Executing VM operation: RevokeBias
Event: 56.828 Executing VM operation: RevokeBias done
Event: 68.685 Executing VM operation: RedefineClasses
Event: 68.735 Executing VM operation: RedefineClasses done


Dynamic libraries:
0x00007ff693b00000 - 0x00007ff693b34000 	C:\Program Files\Java\jre1.8.0_31\bin\javaw.exe
0x00007ffa40b40000 - 0x00007ffa40d30000 	C:\WINDOWS\SYSTEM32\ntdll.dll
0x00007ffa3f8a0000 - 0x00007ffa3f952000 	C:\WINDOWS\System32\KERNEL32.DLL
0x00007ffa3daf0000 - 0x00007ffa3dd94000 	C:\WINDOWS\System32\KERNELBASE.dll
0x000000005e300000 - 0x000000005e395000 	C:\WINDOWS\System32\SYSFER.DLL
0x00007ffa40410000 - 0x00007ffa404b3000 	C:\WINDOWS\System32\ADVAPI32.dll
0x00007ffa3fc80000 - 0x00007ffa3fd1e000 	C:\WINDOWS\System32\msvcrt.dll
0x00007ffa3f7f0000 - 0x00007ffa3f887000 	C:\WINDOWS\System32\sechost.dll
0x00007ffa404c0000 - 0x00007ffa405e0000 	C:\WINDOWS\System32\RPCRT4.dll
0x000000005dfd0000 - 0x000000005e2f5000 	C:\ProgramData\Symantec\Symantec Endpoint Protection\14.2.1031.0100.105\Data\Definitions\IPSDefs\20200619.061\IPSEng64.dll
0x00007ffa3f890000 - 0x00007ffa3f898000 	C:\WINDOWS\System32\PSAPI.DLL
0x00007ffa3ecc0000 - 0x00007ffa3ee54000 	C:\WINDOWS\System32\USER32.dll
0x00007ffa3dda0000 - 0x00007ffa3ddc1000 	C:\WINDOWS\System32\win32u.dll
0x00007ffa3f960000 - 0x00007ffa3f986000 	C:\WINDOWS\System32\GDI32.dll
0x00007ffa3e700000 - 0x00007ffa3e895000 	C:\WINDOWS\System32\gdi32full.dll
0x00007ffa3e630000 - 0x00007ffa3e6ce000 	C:\WINDOWS\System32\msvcp_win.dll
0x00007ffa3eaf0000 - 0x00007ffa3ebea000 	C:\WINDOWS\System32\ucrtbase.dll
0x00007ffa22e70000 - 0x00007ffa230f4000 	C:\WINDOWS\WinSxS\amd64_microsoft.windows.common-controls_6595b64144ccf1df_6.0.18362.900_none_e6beb9d913147d17\COMCTL32.dll
0x00007ffa3f490000 - 0x00007ffa3f7c5000 	C:\WINDOWS\System32\combase.dll
0x00007ffa3ddd0000 - 0x00007ffa3de50000 	C:\WINDOWS\System32\bcryptPrimitives.dll
0x00007ffa3f450000 - 0x00007ffa3f47e000 	C:\WINDOWS\System32\IMM32.DLL
0x000000005dd20000 - 0x000000005ddf2000 	C:\Program Files\Java\jre1.8.0_31\bin\msvcr100.dll
0x000000005cfd0000 - 0x000000005d82a000 	C:\Program Files\Java\jre1.8.0_31\bin\server\jvm.dll
0x00007ffa23380000 - 0x00007ffa23389000 	C:\WINDOWS\SYSTEM32\WSOCK32.dll
0x00007ffa3f020000 - 0x00007ffa3f08f000 	C:\WINDOWS\System32\WS2_32.dll
0x00007ffa32440000 - 0x00007ffa32464000 	C:\WINDOWS\SYSTEM32\WINMM.dll
0x00007ffa32410000 - 0x00007ffa3243d000 	C:\WINDOWS\SYSTEM32\WINMMBASE.dll
0x00007ffa3eaa0000 - 0x00007ffa3eaea000 	C:\WINDOWS\System32\cfgmgr32.dll
0x000000005dac0000 - 0x000000005dacf000 	C:\Program Files\Java\jre1.8.0_31\bin\verify.dll
0x000000005da90000 - 0x000000005dab8000 	C:\Program Files\Java\jre1.8.0_31\bin\java.dll
0x000000005dce0000 - 0x000000005dd15000 	C:\Program Files\Java\jre1.8.0_31\bin\jdwp.dll
0x000000005dcd0000 - 0x000000005dcd8000 	C:\Program Files\Java\jre1.8.0_31\bin\npt.dll
0x000000005dca0000 - 0x000000005dcc3000 	C:\Program Files\Java\jre1.8.0_31\bin\instrument.dll
0x000000005ced0000 - 0x000000005cee6000 	C:\Program Files\Java\jre1.8.0_31\bin\zip.dll
0x00007ffa3fd20000 - 0x00007ffa40406000 	C:\WINDOWS\System32\SHELL32.dll
0x00007ffa3f320000 - 0x00007ffa3f3c9000 	C:\WINDOWS\System32\shcore.dll
0x00007ffa3deb0000 - 0x00007ffa3e630000 	C:\WINDOWS\System32\windows.storage.dll
0x00007ffa3da60000 - 0x00007ffa3da83000 	C:\WINDOWS\System32\profapi.dll
0x00007ffa3da10000 - 0x00007ffa3da5a000 	C:\WINDOWS\System32\powrprof.dll
0x00007ffa3da00000 - 0x00007ffa3da10000 	C:\WINDOWS\System32\UMPDC.dll
0x00007ffa3f240000 - 0x00007ffa3f292000 	C:\WINDOWS\System32\shlwapi.dll
0x00007ffa3da90000 - 0x00007ffa3daa1000 	C:\WINDOWS\System32\kernel.appcore.dll
0x00007ffa3dad0000 - 0x00007ffa3dae7000 	C:\WINDOWS\System32\cryptsp.dll
0x000000005dc90000 - 0x000000005dc99000 	C:\Program Files\Java\jre1.8.0_31\bin\dt_socket.dll
0x00007ffa223b0000 - 0x00007ffa223c6000 	C:\WINDOWS\system32\napinsp.dll
0x00007ffa22390000 - 0x00007ffa223aa000 	C:\WINDOWS\system32\pnrpnsp.dll
0x00007ffa3d270000 - 0x00007ffa3d2d7000 	C:\WINDOWS\System32\mswsock.dll
0x00007ffa3cfd0000 - 0x00007ffa3d09b000 	C:\WINDOWS\SYSTEM32\DNSAPI.dll
0x00007ffa3fba0000 - 0x00007ffa3fba8000 	C:\WINDOWS\System32\NSI.dll
0x00007ffa3cf80000 - 0x00007ffa3cfba000 	C:\WINDOWS\SYSTEM32\IPHLPAPI.DLL
0x00007ffa22380000 - 0x00007ffa2238e000 	C:\WINDOWS\System32\winrnr.dll
0x00007ffa35bd0000 - 0x00007ffa35bec000 	C:\WINDOWS\system32\NLAapi.dll
0x00007ffa38630000 - 0x00007ffa38645000 	C:\WINDOWS\system32\wshbth.dll
0x00007ffa38020000 - 0x00007ffa38097000 	C:\WINDOWS\System32\fwpuclnt.dll
0x00007ffa3e6d0000 - 0x00007ffa3e6f6000 	C:\WINDOWS\System32\bcrypt.dll
0x00007ffa32e20000 - 0x00007ffa32e2a000 	C:\Windows\System32\rasadhlp.dll
0x000000005da80000 - 0x000000005da8d000 	C:\Program Files\Java\jre1.8.0_31\bin\management.dll
0x000000005ceb0000 - 0x000000005ceca000 	C:\Program Files\Java\jre1.8.0_31\bin\net.dll
0x000000005ce90000 - 0x000000005cea1000 	C:\Program Files\Java\jre1.8.0_31\bin\nio.dll
0x00007ffa3cde0000 - 0x00007ffa3ce13000 	C:\WINDOWS\system32\rsaenh.dll
0x00007ffa3d920000 - 0x00007ffa3d945000 	C:\WINDOWS\SYSTEM32\USERENV.dll
0x00007ffa3d440000 - 0x00007ffa3d44c000 	C:\WINDOWS\SYSTEM32\CRYPTBASE.dll
0x00007ffa380b0000 - 0x00007ffa380c6000 	C:\WINDOWS\SYSTEM32\dhcpcsvc6.DLL
0x00007ffa38000000 - 0x00007ffa3801c000 	C:\WINDOWS\SYSTEM32\dhcpcsvc.DLL
0x000000005ce60000 - 0x000000005ce84000 	C:\Program Files\Java\jre1.8.0_31\bin\sunec.dll
0x00007ffa3c310000 - 0x00007ffa3c504000 	C:\WINDOWS\SYSTEM32\dbghelp.dll

VM Arguments:
jvm_args: -agentlib:jdwp=transport=dt_socket,suspend=y,address=localhost:61417 -javaagent:D:\spring-tool-suite-4-4.3.2.RELEASE-e4.12.0-win32.win32.x86_64\sts-4.3.2.RELEASE\configuration\org.eclipse.osgi\244\0\.cp\lib\javaagent-shaded.jar -Dfile.encoding=UTF-8 
java_command: com.sms.BulkSmsAppApplication
java_class_path (initial): D:\MY_APP\BulkSMS\BulkSmsApp\target\classes;C:\Users\jotiram.chavan\.m2\repository\org\springframework\boot\spring-boot-starter-data-jpa\2.3.1.RELEASE\spring-boot-starter-data-jpa-2.3.1.RELEASE.jar;C:\Users\jotiram.chavan\.m2\repository\org\springframework\boot\spring-boot-starter-aop\2.3.1.RELEASE\spring-boot-starter-aop-2.3.1.RELEASE.jar;C:\Users\jotiram.chavan\.m2\repository\org\aspectj\aspectjweaver\1.9.5\aspectjweaver-1.9.5.jar;C:\Users\jotiram.chavan\.m2\repository\org\springframework\boot\spring-boot-starter-jdbc\2.3.1.RELEASE\spring-boot-starter-jdbc-2.3.1.RELEASE.jar;C:\Users\jotiram.chavan\.m2\repository\com\zaxxer\HikariCP\3.4.5\HikariCP-3.4.5.jar;C:\Users\jotiram.chavan\.m2\repository\org\springframework\spring-jdbc\5.2.7.RELEASE\spring-jdbc-5.2.7.RELEASE.jar;C:\Users\jotiram.chavan\.m2\repository\jakarta\transaction\jakarta.transaction-api\1.3.3\jakarta.transaction-api-1.3.3.jar;C:\Users\jotiram.chavan\.m2\repository\jakarta\persistence\jakarta.persistence-api\2.2.3\jakarta.persistence-api-2.2.3.jar;C:\Users\jotiram.chavan\.m2\repository\org\hibernate\hibernate-core\5.4.17.Final\hibernate-core-5.4.17.Final.jar;C:\Users\jotiram.chavan\.m2\repository\org\jboss\logging\jboss-logging\3.4.1.Final\jboss-logging-3.4.1.Final.jar;C:\Users\jotiram.chavan\.m2\repository\org\javassist\javassist\3.24.0-GA\javassist-3.24.0-GA.jar;C:\Users\jotiram.chavan\.m2\repository\net\bytebuddy\byte-buddy\1.10.11\byte-buddy-1.10.11.jar;C:\Users\jotiram.chavan\.m2\repository\antlr\antlr\2.7.7\antlr-2.7.7.jar;C:\Users\jotiram.chavan\.m2\repository\org\jboss\jandex\2.1.3.Final\jandex-2.1.3.Final.jar;C:\Users\jotiram.chavan\.m2\repository\com\fasterxml\classmate\1.5.1\classmate-1.5.1.jar;C:\Users\jotiram.chavan\.m2\repository\org\dom4j\dom4j\2.1.3\dom4j-2.1.3.jar;C:\Users\jotiram.chavan\.m2\repository\org\hibernate\common\hibernate-commons-annotations\5.1.0.Final\hibernate-commons-annotations-5.1.0.Final.jar;C:\Users\jotiram.chavan\.m2\repository\org\glas
Launcher Type: SUN_STANDARD

Environment Variables:
PATH=C:/Program Files/Java/jre1.8.0_31/bin/server;C:/Program Files/Java/jre1.8.0_31/bin;C:/Program Files/Java/jre1.8.0_31/lib/amd64;C:\ProgramData\Oracle\Java\javapath;C:\Program Files (x86)\Intel\Intel(R) Management Engine Components\iCLS\;C:\Program Files\Intel\Intel(R) Management Engine Components\iCLS\;C:\WINDOWS\system32;C:\WINDOWS;C:\WINDOWS\System32\Wbem;C:\WINDOWS\System32\WindowsPowerShell\v1.0\;C:\WINDOWS\System32\OpenSSH\;C:\Program Files (x86)\Intel\Intel(R) Management Engine Components\DAL;C:\Program Files\Intel\Intel(R) Management Engine Components\DAL;C:\Program Files\nodejs\;C:\Program Files\Amazon\AWSCLI\bin\;C:\Program Files\Intel\WiFi\bin\;C:\Program Files\Common Files\Intel\WirelessCommon\;C:\Users\jotiram.chavan\AppData\Local\Microsoft\WindowsApps;C:\Users\jotiram.chavan\AppData\Roaming\npm;C:\Users\jotiram.chavan\AppData\Local\Programs\Git\cmd;D:\spring-tool-suite-4-4.3.2.RELEASE-e4.12.0-win32.win32.x86_64\sts-4.3.2.RELEASE;
USERNAME=jotiram.chavan
OS=Windows_NT
PROCESSOR_IDENTIFIER=Intel64 Family 6 Model 142 Stepping 10, GenuineIntel



---------------  S Y S T E M  ---------------

OS: Windows 8.1 , 64 bit Build 9600 

CPU:total 8 (4 cores per cpu, 2 threads per core) family 6 model 142 stepping 10, cmov, cx8, fxsr, mmx, sse, sse2, sse3, ssse3, sse4.1, sse4.2, popcnt, avx, avx2, aes, clmul, erms, lzcnt, ht, tsc, tscinvbit, bmi1, bmi2

Memory: 4k page, physical 8240104k(1570288k free), swap 12207028k(2999592k free)

vm_info: Java HotSpot(TM) 64-Bit Server VM (25.31-b07) for windows-amd64 JRE (1.8.0_31-b13), built on Dec 17 2014 21:00:28 by "java_re" with MS VC++ 10.0 (VS2010)

time: Sun Jun 21 21:36:53 2020
elapsed time: 68 seconds (0d 0h 1m 8s)

